\BOOKMARK [1][-]{section.1}{\376\377\000L\000i\000m\000i\000t\000s\000\040\000a\000n\000d\000\040\000C\000o\000n\000t\000i\000n\000u\000i\000t\000y}{}% 1
\BOOKMARK [2][-]{subsection.1.1}{\376\377\000L\000i\000m\000i\000t\000s\000\040\000t\000o\000\040\000I\000n\000f\000i\000n\000i\000t\000y}{section.1}% 2
\BOOKMARK [2][-]{subsection.1.2}{\376\377\000A\000s\000y\000m\000p\000o\000t\000e\000s}{section.1}% 3
\BOOKMARK [2][-]{subsection.1.3}{\376\377\000L\000i\000m\000i\000t\000\040\000P\000r\000o\000p\000e\000r\000t\000i\000e\000s}{section.1}% 4
\BOOKMARK [2][-]{subsection.1.4}{\376\377\000S\000o\000l\000v\000i\000n\000g\000\040\000L\000i\000m\000i\000t\000s}{section.1}% 5
\BOOKMARK [2][-]{subsection.1.5}{\376\377\000C\000o\000n\000t\000i\000n\000u\000i\000t\000y}{section.1}% 6
\BOOKMARK [2][-]{subsection.1.6}{\376\377\000S\000q\000u\000e\000e\000z\000e\000\040\000T\000h\000e\000o\000r\000e\000m}{section.1}% 7
\BOOKMARK [2][-]{subsection.1.7}{\376\377\000I\000n\000t\000e\000r\000m\000e\000d\000i\000a\000t\000e\000\040\000V\000a\000l\000u\000e\000\040\000T\000h\000e\000o\000r\000e\000m\000\040\000\050\000I\000V\000T\000\051}{section.1}% 8
\BOOKMARK [1][-]{section.2}{\376\377\000D\000i\000f\000f\000e\000r\000e\000n\000t\000i\000a\000t\000i\000o\000n\000:\000\040\000D\000e\000f\000i\000n\000i\000t\000i\000o\000n\000\040\000a\000n\000d\000\040\000F\000u\000n\000d\000a\000m\000e\000n\000t\000a\000l}{}% 9
\BOOKMARK [2][-]{subsection.2.1}{\376\377\000C\000o\000n\000t\000i\000n\000u\000i\000t\000y\000\040\000a\000n\000d\000\040\000D\000i\000f\000f\000e\000r\000e\000n\000t\000i\000a\000b\000i\000l\000i\000t\000y}{section.2}% 10
\BOOKMARK [2][-]{subsection.2.2}{\376\377\000D\000e\000r\000i\000v\000a\000t\000i\000v\000e\000\040\000a\000s\000\040\000a\000\040\000L\000i\000m\000i\000t}{section.2}% 11
\BOOKMARK [2][-]{subsection.2.3}{\376\377\000D\000i\000f\000f\000e\000r\000e\000n\000t\000i\000a\000t\000i\000o\000n\000\040\000R\000u\000l\000e\000s}{section.2}% 12
\BOOKMARK [3][-]{subsubsection.2.3.1}{\376\377\000D\000e\000r\000i\000v\000a\000t\000i\000v\000e\000\040\000o\000f\000\040\000a\000\040\000C\000o\000n\000s\000t\000a\000n\000t}{subsection.2.3}% 13
\BOOKMARK [3][-]{subsubsection.2.3.2}{\376\377\000C\000o\000n\000s\000t\000a\000n\000t\000\040\000i\000n\000\040\000a\000\040\000f\000u\000n\000c\000t\000i\000o\000n}{subsection.2.3}% 14
\BOOKMARK [3][-]{subsubsection.2.3.3}{\376\377\000S\000u\000m\000\040\000R\000u\000l\000e}{subsection.2.3}% 15
\BOOKMARK [3][-]{subsubsection.2.3.4}{\376\377\000P\000o\000w\000e\000r\000\040\000R\000u\000l\000e}{subsection.2.3}% 16
\BOOKMARK [3][-]{subsubsection.2.3.5}{\376\377\000P\000r\000o\000d\000u\000c\000t\000\040\000R\000u\000l\000e}{subsection.2.3}% 17
\BOOKMARK [3][-]{subsubsection.2.3.6}{\376\377\000Q\000u\000o\000t\000i\000e\000n\000t\000\040\000R\000u\000l\000e}{subsection.2.3}% 18
\BOOKMARK [3][-]{subsubsection.2.3.7}{\376\377\000C\000h\000a\000i\000n\000\040\000R\000u\000l\000e}{subsection.2.3}% 19
\BOOKMARK [2][-]{subsection.2.4}{\376\377\000E\000x\000p\000o\000n\000e\000n\000t\000i\000a\000l\000\040\000F\000u\000n\000c\000t\000i\000o\000n\000s}{section.2}% 20
\BOOKMARK [2][-]{subsection.2.5}{\376\377\000L\000o\000g\000r\000a\000i\000t\000h\000m\000i\000c\000\040\000F\000u\000n\000c\000t\000i\000o\000n\000s}{section.2}% 21
\BOOKMARK [2][-]{subsection.2.6}{\376\377\000T\000r\000i\000g\000o\000n\000o\000m\000e\000t\000r\000i\000c\000\040\000F\000u\000n\000c\000t\000i\000o\000n\000s}{section.2}% 22
\BOOKMARK [2][-]{subsection.2.7}{\376\377\000I\000n\000v\000e\000r\000s\000e\000\040\000F\000u\000n\000c\000t\000i\000o\000n\000s}{section.2}% 23
\BOOKMARK [1][-]{section.3}{\376\377\000D\000i\000f\000f\000e\000r\000e\000n\000t\000i\000a\000t\000i\000o\000n\000:\000\040\000C\000o\000m\000p\000o\000s\000i\000t\000e\000,\000\040\000I\000m\000p\000l\000i\000c\000i\000t\000,\000\040\000a\000n\000d\000\040\000I\000n\000v\000e\000r\000s\000e\000\040\000F\000u\000n\000c\000t\000i\000o\000n\000s}{}% 24
\BOOKMARK [2][-]{subsection.3.1}{\376\377\000I\000m\000p\000l\000i\000c\000i\000t\000\040\000D\000i\000f\000f\000e\000r\000e\000n\000t\000i\000a\000t\000i\000o\000n}{section.3}% 25
\BOOKMARK [2][-]{subsection.3.2}{\376\377\000I\000n\000v\000e\000r\000s\000e\000\040\000T\000r\000i\000g\000o\000n\000o\000m\000e\000t\000r\000i\000c\000\040\000F\000u\000n\000c\000t\000i\000o\000n\000s}{section.3}% 26
\BOOKMARK [2][-]{subsection.3.3}{\376\377\000H\000i\000g\000h\000e\000r\000\040\000O\000r\000d\000e\000r\000\040\000D\000e\000r\000i\000v\000a\000t\000i\000v\000e\000s}{section.3}% 27
\BOOKMARK [1][-]{section.4}{\376\377\000C\000o\000n\000t\000e\000x\000t\000u\000a\000l\000\040\000A\000p\000p\000l\000i\000c\000a\000t\000i\000o\000n\000s\000\040\000o\000f\000\040\000D\000i\000f\000f\000e\000r\000e\000n\000t\000i\000a\000t\000i\000o\000n}{}% 28
\BOOKMARK [2][-]{subsection.4.1}{\376\377\000S\000t\000r\000a\000i\000g\000h\000t\000\040\000L\000i\000n\000e\000\040\000M\000o\000t\000i\000o\000n\000:\000\040\000P\000o\000s\000i\000t\000i\000o\000n\000,\000\040\000V\000e\000l\000o\000c\000i\000t\000y\000,\000\040\000a\000n\000d\000\040\000A\000c\000c\000e\000l\000e\000r\000a\000t\000i\000o\000n}{section.4}% 29
\BOOKMARK [2][-]{subsection.4.2}{\376\377\000R\000e\000l\000a\000t\000e\000d\000\040\000R\000a\000t\000e\000s}{section.4}% 30
\BOOKMARK [2][-]{subsection.4.3}{\376\377\000L\000o\000c\000a\000l\000\040\000L\000i\000n\000e\000a\000r\000i\000t\000y\000\040\000a\000n\000d\000\040\000A\000p\000p\000r\000o\000x\000i\000m\000a\000t\000i\000o\000n}{section.4}% 31
\BOOKMARK [2][-]{subsection.4.4}{\376\377\000L\000'\000H\000o\000p\000i\000t\000a\000l\000s\000\040\000R\000u\000l\000e}{section.4}% 32
\BOOKMARK [1][-]{section.5}{\376\377\000A\000n\000a\000l\000y\000t\000i\000c\000a\000l\000\040\000A\000p\000p\000l\000i\000c\000a\000t\000i\000o\000n\000s\000\040\000o\000f\000\040\000D\000i\000f\000f\000e\000r\000e\000n\000t\000i\000a\000t\000i\000o\000n}{}% 33
\BOOKMARK [2][-]{subsection.5.1}{\376\377\000M\000e\000a\000n\000\040\000V\000a\000l\000u\000e\000\040\000T\000h\000e\000o\000r\000e\000m}{section.5}% 34
\BOOKMARK [2][-]{subsection.5.2}{\376\377\000E\000x\000t\000r\000e\000m\000e\000\040\000V\000a\000l\000u\000e\000\040\000T\000h\000e\000o\000r\000e\000m}{section.5}% 35
\BOOKMARK [1][-]{section.6}{\376\377\000I\000n\000t\000e\000r\000g\000r\000a\000t\000i\000o\000n\000\040\000a\000n\000d\000\040\000A\000c\000c\000u\000m\000u\000l\000a\000t\000i\000o\000n\000\040\000o\000f\000\040\000C\000h\000a\000n\000g\000e}{}% 36
\BOOKMARK [2][-]{subsection.6.1}{\376\377\000R\000i\000e\000m\000a\000n\000n\000\040\000S\000u\000m\000s}{section.6}% 37
\BOOKMARK [3][-]{subsubsection.6.1.1}{\376\377\000T\000y\000p\000e\000\040\000o\000f\000\040\000R\000i\000e\000m\000a\000n\000n\000\040\000S\000u\000m\000s}{subsection.6.1}% 38
\BOOKMARK [3][-]{subsubsection.6.1.2}{\376\377\000R\000i\000e\000m\000a\000n\000n\000\040\000S\000u\000m\000s\000\040\000i\000n\000\040\000S\000u\000m\000m\000a\000t\000i\000o\000n\000\040\000N\000o\000t\000a\000t\000i\000o\000n}{subsection.6.1}% 39
\BOOKMARK [2][-]{subsection.6.2}{\376\377\000D\000e\000f\000i\000n\000i\000t\000e\000\040\000I\000n\000t\000e\000g\000r\000a\000l\000s}{section.6}% 40
\BOOKMARK [3][-]{subsubsection.6.2.1}{\376\377\000P\000r\000o\000p\000e\000r\000t\000i\000e\000s\000\040\000o\000f\000\040\000D\000e\000f\000i\000n\000i\000t\000e\000\040\000I\000n\000t\000e\000g\000r\000a\000l\000s}{subsection.6.2}% 41
\BOOKMARK [2][-]{subsection.6.3}{\376\377\000T\000h\000e\000\040\000F\000u\000n\000d\000a\000m\000e\000n\000t\000a\000l\000\040\000T\000h\000e\000o\000r\000e\000m\000\040\000o\000f\000\040\000C\000a\000l\000c\000u\000l\000u\000s}{section.6}% 42
