\BOOKMARK [1][-]{section.1}{\376\377\000O\000r\000g\000a\000n\000i\000c\000\040\000C\000h\000e\000m\000i\000s\000t\000r\000y}{}% 1
\BOOKMARK [2][-]{subsection.1.1}{\376\377\000R\000e\000a\000c\000t\000i\000o\000n\000s\000\040\000o\000f\000\040\000H\000y\000d\000r\000o\000c\000a\000r\000b\000o\000n\000s}{section.1}% 2
\BOOKMARK [2][-]{subsection.1.2}{\376\377\000A\000l\000k\000a\000n\000e\000\040\000R\000e\000a\000c\000t\000i\000o\000n\000s}{section.1}% 3
\BOOKMARK [3][-]{subsubsection.1.2.1}{\376\377\000S\000u\000b\000s\000t\000i\000t\000u\000t\000i\000o\000n\000\040\000R\000e\000a\000c\000t\000i\000o\000n}{subsection.1.2}% 4
\BOOKMARK [2][-]{subsection.1.3}{\376\377\000A\000l\000c\000o\000h\000o\000l\000s}{section.1}% 5
\BOOKMARK [3][-]{subsubsection.1.3.1}{\376\377\000N\000a\000m\000i\000n\000g\000\040\000A\000l\000c\000o\000h\000o\000l\000s}{subsection.1.3}% 6
\BOOKMARK [3][-]{subsubsection.1.3.2}{\376\377\000A\000r\000o\000m\000a\000t\000i\000c\000\040\000A\000l\000c\000o\000h\000o\000l\000s}{subsection.1.3}% 7
\BOOKMARK [2][-]{subsection.1.4}{\376\377\000P\000r\000i\000m\000a\000r\000y\000,\000\040\000S\000e\000c\000o\000n\000d\000a\000r\000y\000,\000\040\000a\000n\000d\000\040\000T\000e\000r\000t\000i\000a\000r\000y\000\040\000A\000l\000c\000h\000o\000l\000s}{section.1}% 8
\BOOKMARK [2][-]{subsection.1.5}{\376\377\000P\000o\000l\000y\000a\000l\000c\000o\000h\000o\000l\000s}{section.1}% 9
\BOOKMARK [2][-]{subsection.1.6}{\376\377\000P\000r\000o\000p\000e\000r\000t\000i\000e\000s\000\040\000o\000f\000\040\000A\000l\000c\000o\000h\000o\000l\000s}{section.1}% 10
\BOOKMARK [3][-]{subsubsection.1.6.1}{\376\377\000B\000P\000\040\000a\000n\000d\000\040\000M\000P}{subsection.1.6}% 11
\BOOKMARK [2][-]{subsection.1.7}{\376\377\000E\000t\000h\000e\000r\000s}{section.1}% 12
\BOOKMARK [3][-]{subsubsection.1.7.1}{\376\377\000N\000a\000m\000i\000n\000g\000\040\000E\000t\000h\000e\000r\000s}{subsection.1.7}% 13
\BOOKMARK [2][-]{subsection.1.8}{\376\377\000A\000l\000c\000o\000h\000o\000l\000\040\000a\000n\000d\000\040\000E\000t\000h\000e\000r\000\040\000R\000e\000a\000c\000t\000i\000o\000n\000s}{section.1}% 14
\BOOKMARK [3][-]{subsubsection.1.8.1}{\376\377\000H\000y\000d\000r\000a\000t\000i\000o\000n\000\040\000R\000e\000a\000c\000t\000i\000o\000n}{subsection.1.8}% 15
\BOOKMARK [3][-]{subsubsection.1.8.2}{\376\377\000S\000u\000b\000s\000i\000t\000u\000t\000i\000o\000n\000\040\000R\000e\000a\000c\000t\000i\000o\000n}{subsection.1.8}% 16
\BOOKMARK [3][-]{subsubsection.1.8.3}{\376\377\000C\000o\000m\000b\000u\000s\000t\000i\000o\000n\000\040\000o\000f\000\040\000A\000l\000c\000o\000h\000o\000l\000s}{subsection.1.8}% 17
\BOOKMARK [3][-]{subsubsection.1.8.4}{\376\377\000D\000e\000h\000y\000d\000r\000a\000t\000i\000o\000n\000\040\000R\000e\000a\000c\000t\000i\000o\000n}{subsection.1.8}% 18
\BOOKMARK [3][-]{subsubsection.1.8.5}{\376\377\000C\000o\000n\000d\000e\000n\000s\000a\000t\000i\000o\000n\000\040\000R\000e\000a\000c\000t\000i\000o\000n}{subsection.1.8}% 19
\BOOKMARK [2][-]{subsection.1.9}{\376\377\000C\000a\000r\000b\000o\000n\000y\000l\000\040\000G\000r\000o\000u\000p}{section.1}% 20
\BOOKMARK [2][-]{subsection.1.10}{\376\377\000A\000l\000d\000e\000h\000y\000d\000e\000s}{section.1}% 21
\BOOKMARK [3][-]{subsubsection.1.10.1}{\376\377\000N\000o\000m\000e\000n\000c\000l\000a\000t\000u\000r\000e\000\040\000o\000f\000\040\000A\000l\000d\000e\000h\000y\000d\000e\000s}{subsection.1.10}% 22
\BOOKMARK [2][-]{subsection.1.11}{\376\377\000P\000r\000o\000p\000e\000r\000t\000i\000e\000s\000\040\000o\000f\000\040\000A\000l\000d\000e\000h\000y\000d\000e\000s\000\040\000a\000n\000d\000\040\000K\000e\000t\000o\000n\000e\000s}{section.1}% 23
\BOOKMARK [2][-]{subsection.1.12}{\376\377\000R\000e\000a\000c\000t\000i\000o\000n\000\040\000o\000f\000\040\000A\000l\000d\000e\000h\000y\000d\000e\000s\000\040\000a\000n\000d\000\040\000K\000e\000t\000o\000n\000e\000s}{section.1}% 24
\BOOKMARK [3][-]{subsubsection.1.12.1}{\376\377\0001\000\040\000v\000s\000\040\0002\000\040\000v\000s\000\040\0003\000\040\000a\000l\000c\000o\000h\000o\000l}{subsection.1.12}% 25
\BOOKMARK [3][-]{subsubsection.1.12.2}{\376\377\000H\000y\000d\000r\000o\000g\000e\000n\000a\000t\000i\000o\000n\000\040\000o\000f\000\040\000A\000l\000e\000d\000h\000y\000d\000e\000s\000\040\000a\000n\000d\000\040\000K\000e\000t\000o\000n\000e\000s}{subsection.1.12}% 26
